<?xml version="1.0" encoding="UTF-8"?>
<!-- Generated by org.testng.reporters.JUnitReportReporter -->
<testsuite hostname="LAPTOP-ESTH9LKK" failures="0" tests="1" name="test1.AddToCart" time="9.877" errors="0" timestamp="2023-10-31T12:59:51 IST" skipped="0">
  <testcase classname="test1.AddToCart" name="addcart" time="9.877"/>
</testsuite> <!-- test1.AddToCart -->
